{
  "RSpec": {
    "coverage": {
      "/Users/alexandraaltieri/Documents/personal_blog/spec/features/add_post_pages_spec.rb": [
        1,
        null,
        1,
        1,
        1,
        1,
        0,
        0,
        0,
        0,
        0,
        null,
        null,
        1,
        1,
        1,
        1,
        null,
        null
      ],
      "/Users/alexandraaltieri/Documents/personal_blog/spec/rails_helper.rb": [
        null,
        1,
        1,
        null,
        1,
        1,
        1,
        1,
        null,
        null,
        null,
        null,
        null,
        null,
        null,
        null,
        null,
        null,
        null,
        null,
        null,
        null,
        null,
        null,
        null,
        null,
        null,
        1,
        null,
        1,
        null,
        1,
        null,
        null,
        null,
        null,
        1,
        null,
        null,
        null,
        null,
        null,
        null,
        null,
        null,
        null,
        null,
        null,
        null,
        null,
        null,
        1,
        null,
        null,
        1,
        1,
        1,
        1,
        null,
        null
      ],
      "/Users/alexandraaltieri/Documents/personal_blog/config/environment.rb": [
        null,
        1,
        null,
        null,
        1
      ],
      "/Users/alexandraaltieri/Documents/personal_blog/config/application.rb": [
        1,
        null,
        1,
        null,
        1,
        1,
        1,
        1,
        1,
        1,
        1,
        null,
        null,
        null,
        null,
        1,
        null,
        1,
        1,
        null,
        null,
        null,
        null,
        null,
        null,
        null,
        null,
        null,
        null,
        null,
        null,
        null,
        1,
        null,
        null
      ],
      "/Users/alexandraaltieri/Documents/personal_blog/config/boot.rb": [
        1,
        null,
        1
      ],
      "/Users/alexandraaltieri/Documents/personal_blog/config/environments/test.rb": [
        1,
        null,
        null,
        null,
        null,
        null,
        null,
        1,
        null,
        null,
        null,
        null,
        1,
        null,
        null,
        1,
        1,
        null,
        null,
        1,
        1,
        null,
        null,
        1,
        null,
        null,
        1,
        null,
        null,
        null,
        null,
        1,
        null,
        null,
        1,
        null,
        null,
        1,
        null,
        null,
        null,
        null
      ],
      "/Users/alexandraaltieri/Documents/personal_blog/config/initializers/assets.rb": [
        null,
        null,
        null,
        1,
        null,
        null,
        null,
        null,
        null,
        null,
        null
      ],
      "/Users/alexandraaltieri/Documents/personal_blog/config/initializers/backtrace_silencers.rb": [
        null,
        null,
        null,
        null,
        null,
        null,
        null
      ],
      "/Users/alexandraaltieri/Documents/personal_blog/config/initializers/cookies_serializer.rb": [
        null,
        null,
        1
      ],
      "/Users/alexandraaltieri/Documents/personal_blog/config/initializers/devise.rb": [
        null,
        null,
        1,
        null,
        null,
        null,
        null,
        null,
        null,
        null,
        null,
        null,
        null,
        null,
        1,
        null,
        null,
        null,
        null,
        null,
        null,
        null,
        null,
        1,
        null,
        null,
        null,
        null,
        null,
        null,
        null,
        null,
        null,
        null,
        null,
        null,
        null,
        null,
        null,
        null,
        null,
        null,
        null,
        null,
        null,
        1,
        null,
        null,
        null,
        null,
        1,
        null,
        null,
        null,
        null,
        null,
        null,
        null,
        null,
        null,
        null,
        null,
        null,
        null,
        null,
        null,
        null,
        null,
        null,
        null,
        null,
        null,
        null,
        null,
        null,
        null,
        null,
        null,
        null,
        null,
        null,
        1,
        null,
        null,
        null,
        null,
        null,
        null,
        null,
        null,
        null,
        null,
        null,
        null,
        null,
        null,
        null,
        null,
        1,
        null,
        null,
        null,
        null,
        null,
        null,
        null,
        null,
        null,
        null,
        null,
        null,
        null,
        null,
        null,
        null,
        null,
        null,
        null,
        null,
        null,
        null,
        null,
        null,
        1,
        null,
        null,
        null,
        null,
        null,
        null,
        null,
        null,
        null,
        1,
        null,
        null,
        null,
        null,
        null,
        null,
        null,
        null,
        null,
        null,
        1,
        null,
        null,
        null,
        null,
        null,
        null,
        null,
        null,
        null,
        null,
        null,
        null,
        null,
        null,
        null,
        null,
        null,
        null,
        null,
        null,
        null,
        null,
        null,
        null,
        null,
        null,
        null,
        null,
        null,
        null,
        null,
        null,
        null,
        null,
        null,
        null,
        null,
        null,
        null,
        null,
        null,
        null,
        null,
        null,
        null,
        1,
        null,
        null,
        null,
        null,
        null,
        null,
        null,
        null,
        null,
        null,
        null,
        null,
        null,
        null,
        null,
        null,
        null,
        null,
        null,
        null,
        null,
        null,
        null,
        null,
        null,
        null,
        null,
        null,
        null,
        null,
        null,
        null,
        null,
        null,
        null,
        null,
        null,
        null,
        null,
        null,
        null,
        1,
        null,
        null,
        null,
        null,
        null,
        null,
        null,
        null,
        null,
        null,
        null,
        null,
        null,
        null,
        null,
        null,
        null,
        null,
        null,
        null,
        null,
        null,
        null,
        null,
        null,
        null,
        null,
        null,
        null
      ],
      "/Users/alexandraaltieri/Documents/personal_blog/config/initializers/filter_parameter_logging.rb": [
        null,
        null,
        null,
        1
      ],
      "/Users/alexandraaltieri/Documents/personal_blog/config/initializers/inflections.rb": [
        null,
        null,
        null,
        null,
        null,
        null,
        null,
        null,
        null,
        null,
        null,
        null,
        null,
        null,
        null,
        null
      ],
      "/Users/alexandraaltieri/Documents/personal_blog/config/initializers/mime_types.rb": [
        null,
        null,
        null,
        null
      ],
      "/Users/alexandraaltieri/Documents/personal_blog/config/initializers/session_store.rb": [
        null,
        null,
        1
      ],
      "/Users/alexandraaltieri/Documents/personal_blog/config/initializers/wrap_parameters.rb": [
        null,
        null,
        null,
        null,
        null,
        null,
        1,
        1,
        null,
        null,
        null,
        null,
        null,
        null
      ],
      "/Users/alexandraaltieri/Documents/personal_blog/config/routes.rb": [
        1,
        1,
        1,
        null,
        1,
        null,
        null,
        1,
        null,
        null,
        1,
        null,
        null
      ],
      "/Users/alexandraaltieri/Documents/personal_blog/app/models/admin.rb": [
        1,
        null,
        null,
        1,
        null,
        null
      ],
      "/Users/alexandraaltieri/Documents/personal_blog/app/controllers/application_controller.rb": [
        1,
        null,
        null,
        1,
        null
      ],
      "/Users/alexandraaltieri/Documents/personal_blog/app/helpers/application_helper.rb": [
        1,
        null
      ],
      "/Users/alexandraaltieri/Documents/personal_blog/app/controllers/about_controller.rb": [
        1,
        1,
        null,
        null
      ],
      "/Users/alexandraaltieri/Documents/personal_blog/app/controllers/home_controller.rb": [
        1,
        1,
        0,
        null,
        null
      ],
      "/Users/alexandraaltieri/Documents/personal_blog/app/controllers/posts_controller.rb": [
        1,
        1,
        2,
        null,
        null,
        1,
        3,
        null,
        null,
        1,
        1,
        3,
        null,
        null,
        1,
        1,
        1,
        0,
        0,
        null,
        1,
        null,
        null,
        null,
        1,
        1,
        null,
        null,
        1,
        1,
        1,
        1,
        1,
        null,
        0,
        null,
        null,
        null,
        1,
        0,
        0,
        0,
        null,
        null,
        1,
        1,
        2,
        null,
        null,
        null
      ],
      "/Users/alexandraaltieri/Documents/personal_blog/app/controllers/tags_controller.rb": [
        1,
        1,
        0,
        null,
        null,
        1,
        0,
        null,
        null,
        null
      ],
      "/Users/alexandraaltieri/Documents/personal_blog/app/models/post.rb": [
        1,
        1,
        null,
        1,
        1,
        null,
        20,
        null,
        1,
        null,
        null,
        1,
        6,
        0,
        null,
        null,
        null
      ],
      "/Users/alexandraaltieri/Documents/personal_blog/app/models/tag.rb": [
        1,
        1,
        null,
        1,
        null,
        null
      ],
      "/Users/alexandraaltieri/Documents/personal_blog/spec/features/delete_post_pages_spec.rb": [
        1,
        null,
        1,
        1,
        1,
        1,
        1,
        0,
        null,
        null,
        null
      ],
      "/Users/alexandraaltieri/Documents/personal_blog/spec/features/edit_post_pages_spec.rb": [
        1,
        null,
        1,
        1,
        1,
        1,
        1,
        1,
        1,
        null,
        null,
        null
      ],
      "/Users/alexandraaltieri/Documents/personal_blog/spec/features/show_post_pages_spec.rb": [
        1,
        null,
        1,
        1,
        1,
        1,
        1,
        1,
        null,
        null
      ],
      "/Users/alexandraaltieri/Documents/personal_blog/spec/models/admin_spec.rb": [
        1,
        null,
        1,
        1,
        null
      ],
      "/Users/alexandraaltieri/Documents/personal_blog/spec/models/post_spec.rb": [
        1,
        null,
        1,
        2,
        2,
        2,
        null,
        2,
        null,
        1,
        1,
        1,
        1,
        1,
        null,
        null,
        null,
        null
      ],
      "/Users/alexandraaltieri/Documents/personal_blog/spec/models/tag_spec.rb": [
        1,
        null,
        1,
        2,
        null,
        2,
        null
      ]
    },
    "timestamp": 1445620188
  }
}
